0 info it worked if it ends with ok
1 verbose cli [ '/usr/bin/node', '/usr/bin/npm', 'install', 'node' ]
2 info using npm@3.10.10
3 info using node@v6.12.2
4 silly loadCurrentTree Starting
5 silly install loadCurrentTree
6 silly install readLocalPackageData
7 silly fetchPackageMetaData node
8 silly fetchNamedPackageData node
9 silly mapToRegistry name node
10 silly mapToRegistry using default registry
11 silly mapToRegistry registry https://registry.npmjs.org/
12 silly mapToRegistry data Result {
12 silly mapToRegistry   raw: 'node',
12 silly mapToRegistry   scope: null,
12 silly mapToRegistry   escapedName: 'node',
12 silly mapToRegistry   name: 'node',
12 silly mapToRegistry   rawSpec: '',
12 silly mapToRegistry   spec: 'latest',
12 silly mapToRegistry   type: 'tag' }
13 silly mapToRegistry uri https://registry.npmjs.org/node
14 verbose request uri https://registry.npmjs.org/node
15 verbose request no auth needed
16 info attempt registry request try #1 at 3:09:45 AM
17 verbose request id a7004e38a5fde609
18 http request GET https://registry.npmjs.org/node
19 http 200 https://registry.npmjs.org/node
20 verbose headers { 'content-type': 'application/json; charset=UTF-8',
20 verbose headers   server: 'UploadServer',
20 verbose headers   'cache-control': 'max-age=300',
20 verbose headers   'last-modified': 'Tue, 19 Dec 2017 21:46:10 GMT',
20 verbose headers   etag: '"5a3988a2-52e36"',
20 verbose headers   'content-encoding': 'gzip',
20 verbose headers   'content-length': '55162',
20 verbose headers   'accept-ranges': 'bytes',
20 verbose headers   date: 'Sun, 31 Dec 2017 03:09:45 GMT',
20 verbose headers   via: '1.1 varnish',
20 verbose headers   age: '3796',
20 verbose headers   connection: 'keep-alive',
20 verbose headers   'x-served-by': 'cache-lhr6341-LHR',
20 verbose headers   'x-cache': 'HIT',
20 verbose headers   'x-cache-hits': '12',
20 verbose headers   'x-timer': 'S1514689786.507039,VS0,VE0',
20 verbose headers   vary: 'Accept-Encoding, Accept' }
21 silly get cb [ 200,
21 silly get   { 'content-type': 'application/json; charset=UTF-8',
21 silly get     server: 'UploadServer',
21 silly get     'cache-control': 'max-age=300',
21 silly get     'last-modified': 'Tue, 19 Dec 2017 21:46:10 GMT',
21 silly get     etag: '"5a3988a2-52e36"',
21 silly get     'content-encoding': 'gzip',
21 silly get     'content-length': '55162',
21 silly get     'accept-ranges': 'bytes',
21 silly get     date: 'Sun, 31 Dec 2017 03:09:45 GMT',
21 silly get     via: '1.1 varnish',
21 silly get     age: '3796',
21 silly get     connection: 'keep-alive',
21 silly get     'x-served-by': 'cache-lhr6341-LHR',
21 silly get     'x-cache': 'HIT',
21 silly get     'x-cache-hits': '12',
21 silly get     'x-timer': 'S1514689786.507039,VS0,VE0',
21 silly get     vary: 'Accept-Encoding, Accept' } ]
22 verbose get saving node to /home/user/.npm/registry.npmjs.org/node/.cache.json
23 verbose correctMkdir /home/user/.npm correctMkdir not in flight; initializing
24 verbose makeDirectory /home/user/.npm creation not in flight; initializing
25 silly makeDirectory /home/user/.npm uid: 1000 gid: 0
26 silly install normalizeTree
27 silly loadCurrentTree Finishing
28 silly loadIdealTree Starting
29 silly install loadIdealTree
30 silly cloneCurrentTree Starting
31 silly install cloneCurrentTreeToIdealTree
32 silly cloneCurrentTree Finishing
33 silly loadShrinkwrap Starting
34 silly install loadShrinkwrap
35 silly loadShrinkwrap Finishing
36 silly loadAllDepsIntoIdealTree Starting
37 silly install loadAllDepsIntoIdealTree
38 silly resolveWithNewModule node@9.3.0 checking installable status
39 silly cache add args [ 'node', null ]
40 verbose cache add spec node
41 silly cache add parsed spec Result {
41 silly cache add   raw: 'node',
41 silly cache add   scope: null,
41 silly cache add   escapedName: 'node',
41 silly cache add   name: 'node',
41 silly cache add   rawSpec: '',
41 silly cache add   spec: 'latest',
41 silly cache add   type: 'tag' }
42 silly addNamed node@latest
43 verbose addNamed "latest" is being treated as a dist-tag for node
44 info addNameTag [ 'node', 'latest' ]
45 silly mapToRegistry name node
46 silly mapToRegistry using default registry
47 silly mapToRegistry registry https://registry.npmjs.org/
48 silly mapToRegistry data Result {
48 silly mapToRegistry   raw: 'node',
48 silly mapToRegistry   scope: null,
48 silly mapToRegistry   escapedName: 'node',
48 silly mapToRegistry   name: 'node',
48 silly mapToRegistry   rawSpec: '',
48 silly mapToRegistry   spec: 'latest',
48 silly mapToRegistry   type: 'tag' }
49 silly mapToRegistry uri https://registry.npmjs.org/node
50 verbose addNameTag registry:https://registry.npmjs.org/node not in flight; fetching
51 verbose get https://registry.npmjs.org/node not expired, no request
52 silly addNameTag next cb for node with tag latest
53 silly addNamed node@9.3.0
54 verbose addNamed "9.3.0" is a plain semver version for node
55 silly mapToRegistry name node
56 silly mapToRegistry using default registry
57 silly mapToRegistry registry https://registry.npmjs.org/
58 silly mapToRegistry data Result {
58 silly mapToRegistry   raw: 'node',
58 silly mapToRegistry   scope: null,
58 silly mapToRegistry   escapedName: 'node',
58 silly mapToRegistry   name: 'node',
58 silly mapToRegistry   rawSpec: '',
58 silly mapToRegistry   spec: 'latest',
58 silly mapToRegistry   type: 'tag' }
59 silly mapToRegistry uri https://registry.npmjs.org/node
60 verbose addRemoteTarball https://registry.npmjs.org/node/-/node-9.3.0.tgz not in flight; adding
61 verbose addRemoteTarball [ 'https://registry.npmjs.org/node/-/node-9.3.0.tgz',
61 verbose addRemoteTarball   'a71d437ff95cb028c87f07ff8fc5365a80fa3bd9' ]
62 info retry fetch attempt 1 at 3:09:45 AM
63 info attempt registry request try #1 at 3:09:45 AM
64 http fetch GET https://registry.npmjs.org/node/-/node-9.3.0.tgz
65 http fetch 200 https://registry.npmjs.org/node/-/node-9.3.0.tgz
66 silly fetchAndShaCheck shasum a71d437ff95cb028c87f07ff8fc5365a80fa3bd9
67 verbose addTmpTarball /tmp/npm-3598-11c52761/registry.npmjs.org/node/-/node-9.3.0.tgz not in flight; adding
68 verbose addTmpTarball already have metadata; skipping unpack for node@9.3.0
69 verbose correctMkdir /home/user/.npm correctMkdir not in flight; initializing
70 silly cache afterAdd node@9.3.0
71 verbose afterAdd /home/user/.npm/node/9.3.0/package/package.json not in flight; writing
72 verbose correctMkdir /home/user/.npm correctMkdir not in flight; initializing
73 verbose afterAdd /home/user/.npm/node/9.3.0/package/package.json written
74 silly fetchNamedPackageData node-bin-setup
75 silly mapToRegistry name node-bin-setup
76 silly mapToRegistry using default registry
77 silly mapToRegistry registry https://registry.npmjs.org/
78 silly mapToRegistry data Result {
78 silly mapToRegistry   raw: 'node-bin-setup',
78 silly mapToRegistry   scope: null,
78 silly mapToRegistry   escapedName: 'node-bin-setup',
78 silly mapToRegistry   name: 'node-bin-setup',
78 silly mapToRegistry   rawSpec: '',
78 silly mapToRegistry   spec: 'latest',
78 silly mapToRegistry   type: 'tag' }
79 silly mapToRegistry uri https://registry.npmjs.org/node-bin-setup
80 verbose request uri https://registry.npmjs.org/node-bin-setup
81 verbose request no auth needed
82 info attempt registry request try #1 at 3:09:45 AM
83 http request GET https://registry.npmjs.org/node-bin-setup
84 http 200 https://registry.npmjs.org/node-bin-setup
85 verbose headers { 'content-type': 'application/json; charset=UTF-8',
85 verbose headers   server: 'AmazonS3',
85 verbose headers   'cache-control': 'max-age=300',
85 verbose headers   'last-modified': 'Tue, 25 Jul 2017 3:32:58 GMT',
85 verbose headers   etag: '"5976bbea-1511"',
85 verbose headers   'content-encoding': 'gzip',
85 verbose headers   'content-length': '1464',
85 verbose headers   'accept-ranges': 'bytes',
85 verbose headers   date: 'Sun, 31 Dec 2017 03:09:46 GMT',
85 verbose headers   via: '1.1 varnish',
85 verbose headers   age: '0',
85 verbose headers   connection: 'keep-alive',
85 verbose headers   'x-served-by': 'cache-lhr6341-LHR',
85 verbose headers   'x-cache': 'MISS',
85 verbose headers   'x-cache-hits': '0',
85 verbose headers   'x-timer': 'S1514689786.905221,VS0,VE661',
85 verbose headers   vary: 'Accept-Encoding, Accept' }
86 silly get cb [ 200,
86 silly get   { 'content-type': 'application/json; charset=UTF-8',
86 silly get     server: 'AmazonS3',
86 silly get     'cache-control': 'max-age=300',
86 silly get     'last-modified': 'Tue, 25 Jul 2017 3:32:58 GMT',
86 silly get     etag: '"5976bbea-1511"',
86 silly get     'content-encoding': 'gzip',
86 silly get     'content-length': '1464',
86 silly get     'accept-ranges': 'bytes',
86 silly get     date: 'Sun, 31 Dec 2017 03:09:46 GMT',
86 silly get     via: '1.1 varnish',
86 silly get     age: '0',
86 silly get     connection: 'keep-alive',
86 silly get     'x-served-by': 'cache-lhr6341-LHR',
86 silly get     'x-cache': 'MISS',
86 silly get     'x-cache-hits': '0',
86 silly get     'x-timer': 'S1514689786.905221,VS0,VE661',
86 silly get     vary: 'Accept-Encoding, Accept' } ]
87 verbose get saving node-bin-setup to /home/user/.npm/registry.npmjs.org/node-bin-setup/.cache.json
88 verbose correctMkdir /home/user/.npm correctMkdir not in flight; initializing
89 silly resolveWithNewModule node-bin-setup@1.0.6 checking installable status
90 silly cache add args [ 'node-bin-setup@^1.0.0', null ]
91 verbose cache add spec node-bin-setup@^1.0.0
92 silly cache add parsed spec Result {
92 silly cache add   raw: 'node-bin-setup@^1.0.0',
92 silly cache add   scope: null,
92 silly cache add   escapedName: 'node-bin-setup',
92 silly cache add   name: 'node-bin-setup',
92 silly cache add   rawSpec: '^1.0.0',
92 silly cache add   spec: '>=1.0.0 <2.0.0',
92 silly cache add   type: 'range' }
93 silly addNamed node-bin-setup@>=1.0.0 <2.0.0
94 verbose addNamed ">=1.0.0 <2.0.0" is a valid semver range for node-bin-setup
95 silly addNameRange { name: 'node-bin-setup',
95 silly addNameRange   range: '>=1.0.0 <2.0.0',
95 silly addNameRange   hasData: false }
96 silly mapToRegistry name node-bin-setup
97 silly mapToRegistry using default registry
98 silly mapToRegistry registry https://registry.npmjs.org/
99 silly mapToRegistry data Result {
99 silly mapToRegistry   raw: 'node-bin-setup',
99 silly mapToRegistry   scope: null,
99 silly mapToRegistry   escapedName: 'node-bin-setup',
99 silly mapToRegistry   name: 'node-bin-setup',
99 silly mapToRegistry   rawSpec: '',
99 silly mapToRegistry   spec: 'latest',
99 silly mapToRegistry   type: 'tag' }
100 silly mapToRegistry uri https://registry.npmjs.org/node-bin-setup
101 verbose addNameRange registry:https://registry.npmjs.org/node-bin-setup not in flight; fetching
102 verbose get https://registry.npmjs.org/node-bin-setup not expired, no request
103 silly addNameRange number 2 { name: 'node-bin-setup',
103 silly addNameRange   range: '>=1.0.0 <2.0.0',
103 silly addNameRange   hasData: true }
104 silly addNameRange versions [ 'node-bin-setup',
104 silly addNameRange   [ '1.0.0', '1.0.1', '1.0.2', '1.0.3', '1.0.4', '1.0.6' ] ]
105 silly addNamed node-bin-setup@1.0.6
106 verbose addNamed "1.0.6" is a plain semver version for node-bin-setup
107 silly mapToRegistry name node-bin-setup
108 silly mapToRegistry using default registry
109 silly mapToRegistry registry https://registry.npmjs.org/
110 silly mapToRegistry data Result {
110 silly mapToRegistry   raw: 'node-bin-setup',
110 silly mapToRegistry   scope: null,
110 silly mapToRegistry   escapedName: 'node-bin-setup',
110 silly mapToRegistry   name: 'node-bin-setup',
110 silly mapToRegistry   rawSpec: '',
110 silly mapToRegistry   spec: 'latest',
110 silly mapToRegistry   type: 'tag' }
111 silly mapToRegistry uri https://registry.npmjs.org/node-bin-setup
112 verbose addRemoteTarball https://registry.npmjs.org/node-bin-setup/-/node-bin-setup-1.0.6.tgz not in flight; adding
113 verbose addRemoteTarball [ 'https://registry.npmjs.org/node-bin-setup/-/node-bin-setup-1.0.6.tgz',
113 verbose addRemoteTarball   '4b5c9bb937ece702d7069b36ca78af4684677528' ]
114 info retry fetch attempt 1 at 3:09:46 AM
115 info attempt registry request try #1 at 3:09:46 AM
116 http fetch GET https://registry.npmjs.org/node-bin-setup/-/node-bin-setup-1.0.6.tgz
117 http fetch 200 https://registry.npmjs.org/node-bin-setup/-/node-bin-setup-1.0.6.tgz
118 silly fetchAndShaCheck shasum 4b5c9bb937ece702d7069b36ca78af4684677528
119 verbose addTmpTarball /tmp/npm-3598-11c52761/registry.npmjs.org/node-bin-setup/-/node-bin-setup-1.0.6.tgz not in flight; adding
120 verbose addTmpTarball already have metadata; skipping unpack for node-bin-setup@1.0.6
121 verbose correctMkdir /home/user/.npm correctMkdir not in flight; initializing
122 silly cache afterAdd node-bin-setup@1.0.6
123 verbose afterAdd /home/user/.npm/node-bin-setup/1.0.6/package/package.json not in flight; writing
124 verbose correctMkdir /home/user/.npm correctMkdir not in flight; initializing
125 verbose afterAdd /home/user/.npm/node-bin-setup/1.0.6/package/package.json written
126 silly loadAllDepsIntoIdealTree Finishing
127 silly loadIdealTree Finishing
128 silly currentTree frontend
129 silly idealTree frontend
129 silly idealTree ├── node-bin-setup@1.0.6
129 silly idealTree └── node@9.3.0
130 silly generateActionsToTake Starting
131 silly install generateActionsToTake
132 silly generateActionsToTake Finishing
133 silly diffTrees action count 2
134 silly diffTrees add node-bin-setup@1.0.6
135 silly diffTrees add node@9.3.0
136 silly decomposeActions action count 16
137 silly decomposeActions fetch node-bin-setup@1.0.6
138 silly decomposeActions extract node-bin-setup@1.0.6
139 silly decomposeActions test node-bin-setup@1.0.6
140 silly decomposeActions preinstall node-bin-setup@1.0.6
141 silly decomposeActions build node-bin-setup@1.0.6
142 silly decomposeActions install node-bin-setup@1.0.6
143 silly decomposeActions postinstall node-bin-setup@1.0.6
144 silly decomposeActions finalize node-bin-setup@1.0.6
145 silly decomposeActions fetch node@9.3.0
146 silly decomposeActions extract node@9.3.0
147 silly decomposeActions test node@9.3.0
148 silly decomposeActions preinstall node@9.3.0
149 silly decomposeActions build node@9.3.0
150 silly decomposeActions install node@9.3.0
151 silly decomposeActions postinstall node@9.3.0
152 silly decomposeActions finalize node@9.3.0
153 silly runTopLevelLifecycles Starting
154 silly executeActions Starting
155 silly install executeActions
156 silly doSerial global-install 0
157 silly doParallel fetch 2
158 verbose correctMkdir /home/user/.npm/_locks correctMkdir not in flight; initializing
159 verbose makeDirectory /home/user/.npm/_locks creation not in flight; initializing
160 silly makeDirectory /home/user/.npm/_locks uid: 1000 gid: 0
161 verbose lock using /home/user/.npm/_locks/staging-279eaa82520384f3.lock for /projects/fullstack-rcsl/frontend/node_modules/.staging
162 silly doParallel extract 2
163 silly extract node-bin-setup@1.0.6
164 silly extract node@9.3.0
165 verbose unbuild node_modules/.staging/node-bin-setup-1c42aa12
166 verbose unbuild node_modules/.staging/node-2e8d6d5a
167 silly gentlyRm /projects/fullstack-rcsl/frontend/node_modules/.staging/node-bin-setup-1c42aa12 is being purged from base /projects/fullstack-rcsl/frontend
168 verbose gentlyRm don't care about contents; nuking /projects/fullstack-rcsl/frontend/node_modules/.staging/node-bin-setup-1c42aa12
169 verbose tar unpack /home/user/.npm/node-bin-setup/1.0.6/package.tgz
170 verbose tar unpacking to /projects/fullstack-rcsl/frontend/node_modules/.staging/node-bin-setup-1c42aa12
171 silly gentlyRm /projects/fullstack-rcsl/frontend/node_modules/.staging/node-bin-setup-1c42aa12 is being purged
172 verbose gentlyRm don't care about contents; nuking /projects/fullstack-rcsl/frontend/node_modules/.staging/node-bin-setup-1c42aa12
173 silly gunzTarPerm modes [ '755', '644' ]
174 silly gentlyRm /projects/fullstack-rcsl/frontend/node_modules/.staging/node-2e8d6d5a is being purged from base /projects/fullstack-rcsl/frontend
175 verbose gentlyRm don't care about contents; nuking /projects/fullstack-rcsl/frontend/node_modules/.staging/node-2e8d6d5a
176 verbose tar unpack /home/user/.npm/node/9.3.0/package.tgz
177 verbose tar unpacking to /projects/fullstack-rcsl/frontend/node_modules/.staging/node-2e8d6d5a
178 silly gentlyRm /projects/fullstack-rcsl/frontend/node_modules/.staging/node-2e8d6d5a is being purged
179 verbose gentlyRm don't care about contents; nuking /projects/fullstack-rcsl/frontend/node_modules/.staging/node-2e8d6d5a
180 silly gunzTarPerm modes [ '755', '644' ]
181 silly gunzTarPerm extractEntry package.json
182 silly gunzTarPerm extractEntry package.json
183 silly gunzTarPerm extractEntry index.js
184 silly gunzTarPerm extractEntry installArchSpecificPackage.js
185 silly gunzTarPerm extractEntry README.md
186 silly gentlyRm /projects/fullstack-rcsl/frontend/node_modules/.staging/node-bin-setup-1c42aa12/node_modules is being purged
187 verbose gentlyRm don't care about contents; nuking /projects/fullstack-rcsl/frontend/node_modules/.staging/node-bin-setup-1c42aa12/node_modules
188 silly gentlyRm /projects/fullstack-rcsl/frontend/node_modules/.staging/node-2e8d6d5a/node_modules is being purged
189 verbose gentlyRm don't care about contents; nuking /projects/fullstack-rcsl/frontend/node_modules/.staging/node-2e8d6d5a/node_modules
190 silly doParallel preinstall 2
191 silly preinstall node-bin-setup@1.0.6 /projects/fullstack-rcsl/frontend/node_modules/.staging/node-bin-setup-1c42aa12
192 info lifecycle node-bin-setup@1.0.6~preinstall: node-bin-setup@1.0.6
193 silly preinstall node@9.3.0 /projects/fullstack-rcsl/frontend/node_modules/.staging/node-2e8d6d5a
194 info lifecycle node@9.3.0~preinstall: node@9.3.0
195 silly lifecycle node-bin-setup@1.0.6~preinstall: no script for preinstall, continuing
196 verbose lifecycle node@9.3.0~preinstall: unsafe-perm in lifecycle true
197 verbose lifecycle node@9.3.0~preinstall: PATH: /usr/lib/node_modules/npm/bin/node-gyp-bin:/projects/fullstack-rcsl/frontend/node_modules/.staging/node-2e8d6d5a/node_modules/.bin:/projects/fullstack-rcsl/frontend/node_modules/.bin:/usr/lib/jvm/java-1.8.0-openjdk-amd64/bin:/usr/local/sbin:/usr/local/bin:/usr/sbin:/usr/bin:/sbin:/bin
198 verbose lifecycle node@9.3.0~preinstall: CWD: /projects/fullstack-rcsl/frontend/node_modules/.staging/node-2e8d6d5a
199 silly lifecycle node@9.3.0~preinstall: Args: [ '-c', 'node installArchSpecificPackage' ]
200 silly lifecycle node@9.3.0~preinstall: Returned: code: 1  signal: null
201 info lifecycle node@9.3.0~preinstall: Failed to exec preinstall script
202 verbose unlock done using /home/user/.npm/_locks/staging-279eaa82520384f3.lock for /projects/fullstack-rcsl/frontend/node_modules/.staging
203 silly rollbackFailedOptional Starting
204 silly rollbackFailedOptional Finishing
205 silly runTopLevelLifecycles Finishing
206 silly install printInstalled
207 warn enoent ENOENT: no such file or directory, open '/projects/fullstack-rcsl/frontend/package.json'
208 verbose enoent ENOENT: no such file or directory, open '/projects/fullstack-rcsl/frontend/package.json'
208 verbose enoent This is most likely not a problem with npm itself
208 verbose enoent and is related to npm not being able to find a file.
209 warn frontend No description
210 verbose If you need help, you may report this error at:
210 verbose     <https://github.com/npm/npm/issues>
211 warn frontend No repository field.
212 verbose If you need help, you may report this error at:
212 verbose     <https://github.com/npm/npm/issues>
213 warn frontend No README data
214 verbose If you need help, you may report this error at:
214 verbose     <https://github.com/npm/npm/issues>
215 warn frontend No license field.
216 verbose If you need help, you may report this error at:
216 verbose     <https://github.com/npm/npm/issues>
217 verbose stack Error: node@9.3.0 preinstall: `node installArchSpecificPackage`
217 verbose stack Exit status 1
217 verbose stack     at EventEmitter.<anonymous> (/usr/lib/node_modules/npm/lib/utils/lifecycle.js:255:16)
217 verbose stack     at emitTwo (events.js:106:13)
217 verbose stack     at EventEmitter.emit (events.js:191:7)
217 verbose stack     at ChildProcess.<anonymous> (/usr/lib/node_modules/npm/lib/utils/spawn.js:40:14)
217 verbose stack     at emitTwo (events.js:106:13)
217 verbose stack     at ChildProcess.emit (events.js:191:7)
217 verbose stack     at maybeClose (internal/child_process.js:920:16)
217 verbose stack     at Process.ChildProcess._handle.onexit (internal/child_process.js:230:5)
218 verbose pkgid node@9.3.0
219 verbose cwd /projects/fullstack-rcsl/frontend
220 error Linux 4.13.0-19-generic
221 error argv "/usr/bin/node" "/usr/bin/npm" "install" "node"
222 error node v6.12.2
223 error npm  v3.10.10
224 error code ELIFECYCLE
225 error node@9.3.0 preinstall: `node installArchSpecificPackage`
225 error Exit status 1
226 error Failed at the node@9.3.0 preinstall script 'node installArchSpecificPackage'.
226 error Make sure you have the latest version of node.js and npm installed.
226 error If you do, this is most likely a problem with the node package,
226 error not with npm itself.
226 error Tell the author that this fails on your system:
226 error     node installArchSpecificPackage
226 error You can get information on how to open an issue for this project with:
226 error     npm bugs node
226 error Or if that isn't available, you can get their info via:
226 error     npm owner ls node
226 error There is likely additional logging output above.
227 verbose exit [ 1, true ]
